  Building Custom Rule I:/TEXT/ZED/zed-opencv-master/cpp/CMakeLists.txt
cl : 命令行 warning D9002: 忽略未知选项“-g”
cl : 命令行 warning D9002: 忽略未知选项“-O3”
  SaveDepth.cpp
C:\Program Files (x86)\ZED SDK\dependencies\opencv_3.1.0\include\opencv2/core/mat.hpp(1965): warning C4819: 该文件包含不能在当前代码页(936)中表示的字符。请将该文件保存为 Unicode 格式以防止数据丢失
C:\Program Files (x86)\ZED SDK\dependencies\opencv_3.1.0\include\opencv2/core/persistence.hpp : warning C4819: 该文件包含不能在当前代码页(936)中表示的字符。请将该文件保存为 Unicode 格式以防止数据丢失
C:\Program Files (x86)\ZED SDK\dependencies\opencv_3.1.0\include\opencv2/core/utility.hpp : warning C4819: 该文件包含不能在当前代码页(936)中表示的字符。请将该文件保存为 Unicode 格式以防止数据丢失
C:\Program Files (x86)\ZED SDK\dependencies\opencv_3.1.0\include\opencv2/core/utility.hpp : warning C4819: 该文件包含不能在当前代码页(936)中表示的字符。请将该文件保存为 Unicode 格式以防止数据丢失
C:\Program Files (x86)\ZED SDK\include\sl/Camera.hpp(2518): warning C4819: 该文件包含不能在当前代码页(936)中表示的字符。请将该文件保存为 Unicode 格式以防止数据丢失
C:\Program Files (x86)\ZED SDK\include\sl/Camera.hpp(5407): warning C4251: “sl::InitParameters::sdk_verbose_log_file”: class“sl::String”需要有 dll 接口由 struct“sl::InitParameters”的客户端使用
  C:\Program Files (x86)\ZED SDK\include\sl/Camera.hpp(144): note: 参见“sl::String”的声明
C:\Program Files (x86)\ZED SDK\include\sl/Camera.hpp(5459): warning C4251: “sl::InitParameters::input”: class“sl::InputType”需要有 dll 接口由 struct“sl::InitParameters”的客户端使用
  C:\Program Files (x86)\ZED SDK\include\sl/Camera.hpp(626): note: 参见“sl::InputType”的声明
C:\Program Files (x86)\ZED SDK\include\sl/Camera.hpp(5474): warning C4251: “sl::InitParameters::optional_settings_path”: class“sl::String”需要有 dll 接口由 struct“sl::InitParameters”的客户端使用
  C:\Program Files (x86)\ZED SDK\include\sl/Camera.hpp(144): note: 参见“sl::String”的声明
C:\Program Files (x86)\ZED SDK\include\sl/Camera.hpp(5691): warning C4251: “sl::PositionalTrackingParameters::initial_world_transform”: class“sl::Transform”需要有 dll 接口由 struct“sl::PositionalTrackingParameters”的客户端使用
  C:\Program Files (x86)\ZED SDK\include\sl/Camera.hpp(2948): note: 参见“sl::Transform”的声明
C:\Program Files (x86)\ZED SDK\include\sl/Camera.hpp(5728): warning C4251: “sl::PositionalTrackingParameters::area_file_path”: class“sl::String”需要有 dll 接口由 struct“sl::PositionalTrackingParameters”的客户端使用
  C:\Program Files (x86)\ZED SDK\include\sl/Camera.hpp(144): note: 参见“sl::String”的声明
C:\Program Files (x86)\ZED SDK\include\sl/Camera.hpp(5887): warning C4251: “sl::SpatialMappingParameters::allowed_resolution”: struct“std::pair<float,float>”需要有 dll 接口由 struct“sl::SpatialMappingParameters”的客户端使用
  C:\Program Files (x86)\ZED SDK\include\sl/Camera.hpp(5788): note: 参见“std::pair<float,float>”的声明
C:\Program Files (x86)\ZED SDK\include\sl/Camera.hpp(5902): warning C4251: “sl::SpatialMappingParameters::allowed_range”: struct“std::pair<float,float>”需要有 dll 接口由 struct“sl::SpatialMappingParameters”的客户端使用
  C:\Program Files (x86)\ZED SDK\include\sl/Camera.hpp(5788): note: 参见“std::pair<float,float>”的声明
C:\Program Files (x86)\ZED SDK\include\sl/Camera.hpp(6053): warning C4251: “sl::RecordingParameters::video_filename”: class“sl::String”需要有 dll 接口由 struct“sl::RecordingParameters”的客户端使用
  C:\Program Files (x86)\ZED SDK\include\sl/Camera.hpp(144): note: 参见“sl::String”的声明
C:\Program Files (x86)\ZED SDK\include\sl/Camera.hpp(6164): warning C4251: “sl::ObjectDetectionRuntimeParameters::object_class_filter”: class“std::vector<sl::OBJECT_CLASS,std::allocator<_Ty>>”需要有 dll 接口由 struct“sl::ObjectDetectionRuntimeParameters”的客户端使用
          with
          [
              _Ty=sl::OBJECT_CLASS
          ]
  C:\Program Files (x86)\ZED SDK\include\sl/Camera.hpp(6164): note: 参见“std::vector<sl::OBJECT_CLASS,std::allocator<_Ty>>”的声明
          with
          [
              _Ty=sl::OBJECT_CLASS
          ]
  main.cpp
C:\Program Files (x86)\ZED SDK\include\sl/Camera.hpp(2518): warning C4819: 该文件包含不能在当前代码页(936)中表示的字符。请将该文件保存为 Unicode 格式以防止数据丢失
C:\Program Files (x86)\ZED SDK\include\sl/Camera.hpp(5407): warning C4251: “sl::InitParameters::sdk_verbose_log_file”: class“sl::String”需要有 dll 接口由 struct“sl::InitParameters”的客户端使用
  C:\Program Files (x86)\ZED SDK\include\sl/Camera.hpp(144): note: 参见“sl::String”的声明
C:\Program Files (x86)\ZED SDK\include\sl/Camera.hpp(5459): warning C4251: “sl::InitParameters::input”: class“sl::InputType”需要有 dll 接口由 struct“sl::InitParameters”的客户端使用
  C:\Program Files (x86)\ZED SDK\include\sl/Camera.hpp(626): note: 参见“sl::InputType”的声明
C:\Program Files (x86)\ZED SDK\include\sl/Camera.hpp(5474): warning C4251: “sl::InitParameters::optional_settings_path”: class“sl::String”需要有 dll 接口由 struct“sl::InitParameters”的客户端使用
  C:\Program Files (x86)\ZED SDK\include\sl/Camera.hpp(144): note: 参见“sl::String”的声明
C:\Program Files (x86)\ZED SDK\include\sl/Camera.hpp(5691): warning C4251: “sl::PositionalTrackingParameters::initial_world_transform”: class“sl::Transform”需要有 dll 接口由 struct“sl::PositionalTrackingParameters”的客户端使用
  C:\Program Files (x86)\ZED SDK\include\sl/Camera.hpp(2948): note: 参见“sl::Transform”的声明
C:\Program Files (x86)\ZED SDK\include\sl/Camera.hpp(5728): warning C4251: “sl::PositionalTrackingParameters::area_file_path”: class“sl::String”需要有 dll 接口由 struct“sl::PositionalTrackingParameters”的客户端使用
  C:\Program Files (x86)\ZED SDK\include\sl/Camera.hpp(144): note: 参见“sl::String”的声明
C:\Program Files (x86)\ZED SDK\include\sl/Camera.hpp(5887): warning C4251: “sl::SpatialMappingParameters::allowed_resolution”: struct“std::pair<float,float>”需要有 dll 接口由 struct“sl::SpatialMappingParameters”的客户端使用
  C:\Program Files (x86)\ZED SDK\include\sl/Camera.hpp(5788): note: 参见“std::pair<float,float>”的声明
C:\Program Files (x86)\ZED SDK\include\sl/Camera.hpp(5902): warning C4251: “sl::SpatialMappingParameters::allowed_range”: struct“std::pair<float,float>”需要有 dll 接口由 struct“sl::SpatialMappingParameters”的客户端使用
  C:\Program Files (x86)\ZED SDK\include\sl/Camera.hpp(5788): note: 参见“std::pair<float,float>”的声明
C:\Program Files (x86)\ZED SDK\include\sl/Camera.hpp(6053): warning C4251: “sl::RecordingParameters::video_filename”: class“sl::String”需要有 dll 接口由 struct“sl::RecordingParameters”的客户端使用
  C:\Program Files (x86)\ZED SDK\include\sl/Camera.hpp(144): note: 参见“sl::String”的声明
C:\Program Files (x86)\ZED SDK\include\sl/Camera.hpp(6164): warning C4251: “sl::ObjectDetectionRuntimeParameters::object_class_filter”: class“std::vector<sl::OBJECT_CLASS,std::allocator<_Ty>>”需要有 dll 接口由 struct“sl::ObjectDetectionRuntimeParameters”的客户端使用
          with
          [
              _Ty=sl::OBJECT_CLASS
          ]
  C:\Program Files (x86)\ZED SDK\include\sl/Camera.hpp(6164): note: 参见“std::vector<sl::OBJECT_CLASS,std::allocator<_Ty>>”的声明
          with
          [
              _Ty=sl::OBJECT_CLASS
          ]
C:\Program Files (x86)\ZED SDK\dependencies\opencv_3.1.0\include\opencv2/core/mat.hpp(1965): warning C4819: 该文件包含不能在当前代码页(936)中表示的字符。请将该文件保存为 Unicode 格式以防止数据丢失
C:\Program Files (x86)\ZED SDK\dependencies\opencv_3.1.0\include\opencv2/core/persistence.hpp : warning C4819: 该文件包含不能在当前代码页(936)中表示的字符。请将该文件保存为 Unicode 格式以防止数据丢失
C:\Program Files (x86)\ZED SDK\dependencies\opencv_3.1.0\include\opencv2/core/utility.hpp : warning C4819: 该文件包含不能在当前代码页(936)中表示的字符。请将该文件保存为 Unicode 格式以防止数据丢失
C:\Program Files (x86)\ZED SDK\dependencies\opencv_3.1.0\include\opencv2/core/utility.hpp : warning C4819: 该文件包含不能在当前代码页(936)中表示的字符。请将该文件保存为 Unicode 格式以防止数据丢失
C:\Program Files (x86)\ZED SDK\include\sl/Camera.hpp(2518): warning C4819: 该文件包含不能在当前代码页(936)中表示的字符。请将该文件保存为 Unicode 格式以防止数据丢失
I:\TEXT\ZED\zed-opencv-master\cpp\src\main.cpp(60): warning C4305: “=”: 从“double”到“float”截断
I:\TEXT\ZED\zed-opencv-master\cpp\src\main.cpp(86): warning C4996: 'sl::CameraInformation::camera_resolution': Use camera_configuration.resolution instead
  C:\Program Files (x86)\ZED SDK\include\sl/Camera.hpp(3199): note: 参见“sl::CameraInformation::camera_resolution”的声明
I:\TEXT\ZED\zed-opencv-master\cpp\src\main.cpp(87): warning C4267: “初始化”: 从“size_t”转换到“int”，可能丢失数据
I:\TEXT\ZED\zed-opencv-master\cpp\src\main.cpp(88): warning C4267: “初始化”: 从“size_t”转换到“int”，可能丢失数据
I:\TEXT\ZED\zed-opencv-master\cpp\src\main.cpp(169): warning C4244: “=”: 从“double”转换到“int”，可能丢失数据
I:\TEXT\ZED\zed-opencv-master\cpp\src\main.cpp(181): warning C4244: “参数”: 从“double”转换到“float”，可能丢失数据
I:\TEXT\ZED\zed-opencv-master\cpp\src\main.cpp(226): warning C4996: 'sl::CameraInformation::calibration_parameters': Use camera_configuration.calibration_parameters instead
  C:\Program Files (x86)\ZED SDK\include\sl/Camera.hpp(3193): note: 参见“sl::CameraInformation::calibration_parameters”的声明
  I:\TEXT\ZED\zed-opencv-master\cpp\src\main.cpp(226): note: 此诊断出现在编译器生成的函数“sl::CameraInformation::~CameraInformation(void)”中
I:\TEXT\ZED\zed-opencv-master\cpp\src\main.cpp(226): warning C4996: 'sl::CameraInformation::calibration_parameters_raw': Use camera_configuration.calibration_parameters_raw instead
  C:\Program Files (x86)\ZED SDK\include\sl/Camera.hpp(3194): note: 参见“sl::CameraInformation::calibration_parameters_raw”的声明
  I:\TEXT\ZED\zed-opencv-master\cpp\src\main.cpp(226): note: 此诊断出现在编译器生成的函数“sl::CameraInformation::~CameraInformation(void)”中
I:\TEXT\ZED\zed-opencv-master\cpp\src\main.cpp(226): warning C4996: 'sl::CameraInformation::camera_imu_transform': Use sensors_configuration.camera_imu_transform instead
  C:\Program Files (x86)\ZED SDK\include\sl/Camera.hpp(3195): note: 参见“sl::CameraInformation::camera_imu_transform”的声明
  I:\TEXT\ZED\zed-opencv-master\cpp\src\main.cpp(226): note: 此诊断出现在编译器生成的函数“sl::CameraInformation::~CameraInformation(void)”中
I:\TEXT\ZED\zed-opencv-master\cpp\src\main.cpp(248): warning C4267: “参数”: 从“size_t”转换到“int”，可能丢失数据
  正在生成代码...
  ZED_with_OpenCV.vcxproj -> I:\TEXT\ZED\zed-opencv-master\cpp\build\Release\ZED_with_OpenCV.exe
